make all --print-data-base --no-builtin-variables --no-builtin-rules --question
# GNU Make 3.81
# Copyright (C) 2006  Free Software Foundation, Inc.
# This is free software; see the source for copying conditions.
# There is NO warranty; not even for MERCHANTABILITY or FITNESS FOR A
# PARTICULAR PURPOSE.

# This program built for i386-apple-darwin11.3.0
 

# Make data base, printed on Thu Jun 16 11:46:20 2022

# Variables

# automatic
<D = $(patsubst %/,%,$(dir $<))
# automatic
?F = $(notdir $?)
# environment
 
OPAM_SWITCH_PREFIX = /Users/mounirk2000/.opam/default
# environment
OCAML_TOPLEVEL_PATH = /Users/mounirk2000/.opam/default/lib/toplevel
# environment
VSCODE_LOG_NATIVE = false
# automatic
?D = $(patsubst %/,%,$(dir $?))
# automatic
@D = $(patsubst %/,%,$(dir $@))
# automatic
@F = $(notdir $@)
# makefile
CURDIR := /Users/mounirk2000/Desktop/M1_LP/ObjetAvances/Projet_LOA_KHORISSI
# makefile
SHELL = /bin/sh
# environment
VSCODE_NLS_CONFIG = {"locale":"fr","availableLanguages":{"*":"fr"},"_languagePackId":"f62d0d328ea2a469bad3c39b06263023.fr","_translationsConfigFile":"/Users/mounirk2000/Library/Application Support/Code/clp/f62d0d328ea2a469bad3c39b06263023.fr/tcf.json","_cacheRoot":"/Users/mounirk2000/Library/Application Support/Code/clp/f62d0d328ea2a469bad3c39b06263023.fr","_resolvedLanguagePackCoreLocation":"/Users/mounirk2000/Library/Application Support/Code/clp/f62d0d328ea2a469bad3c39b06263023.fr/da15b6fd3ef856477bf6f4fb29ba1b7af717770d","_corruptedFile":"/Users/mounirk2000/Library/Application Support/Code/clp/f62d0d328ea2a469bad3c39b06263023.fr/corrupted.info","_languagePackSupport":true}
# environment
_ = /usr/bin/make
# makefile (from `Makefile', line 3)
CFLAGS = -Wall
# makefile (from `Makefile', line 1)
MAKEFILE_LIST :=  Makefile
# environment
VSCODE_VERBOSE_LOGGING = true
# environment
__CFBundleIdentifier = com.microsoft.VSCode
# environment
VSCODE_IPC_HOOK_EXTHOST = /var/folders/dx/vmm30vd53ps3c_47pxyq9f4r0000gn/T/vscode-ipc-bdbb6685-7caf-46cd-93df-bca353814036.sock
# makefile (from `Makefile', line 1)
CPP = g++ --std=c++11
# environment
VSCODE_CWD = /
# environment
PATH = /Library/Frameworks/Python.framework/Versions/3.10/bin:/Library/Frameworks/Python.framework/Versions/3.10/bin:/Users/mounirk2000/.opam/default/bin:/Library/Frameworks/Python.framework/Versions/3.7/bin:/usr/local/bin:/usr/bin:/bin:/usr/sbin:/sbin:/Library/TeX/texbin:/Applications/Wireshark.app/Contents/MacOS
# environment
VSCODE_LOG_STACK = false
# environment
ELECTRON_RUN_AS_NODE = 1
# default
.FEATURES := target-specific order-only second-expansion else-if archives jobserver check-symlink
# environment
SSH_AUTH_SOCK = /private/tmp/com.apple.launchd.Pm0mqr6Ego/Listeners
# automatic
%F = $(notdir $%)
# environment
VSCODE_PIPE_LOGGING = true
# environment
PWD = /Users/mounirk2000/Desktop/M1_LP/ObjetAvances/Projet_LOA_KHORISSI
# environment
ORIGINAL_XDG_CURRENT_DESKTOP = undefined
# environment
VSCODE_AMD_ENTRYPOINT = vs/workbench/api/node/extensionHostProcess
# environment
HOME = /Users/mounirk2000
# default
MAKEFILEPATH = $(shell /usr/bin/xcode-select -print-path 2>/dev/null || echo /Developer)/Makefiles
# environment
VSCODE_CODE_CACHE_PATH = /Users/mounirk2000/Library/Application Support/Code/CachedData/da15b6fd3ef856477bf6f4fb29ba1b7af717770d
# environment
LOGNAME = mounirk2000
# environment
APPLICATION_INSIGHTS_NO_DIAGNOSTIC_CHANNEL = 1
# environment
VSCODE_HANDLES_UNCAUGHT_ERRORS = true
# automatic
^D = $(patsubst %/,%,$(dir $^))
# environment
XPC_FLAGS = 0x0
# default
MAKE = $(MAKE_COMMAND)
# default
MAKECMDGOALS := all
# environment
SHLVL = 2
# default
MAKE_VERSION := 3.81
# environment
USER = mounirk2000
# environment
CAML_LD_LIBRARY_PATH = /Users/mounirk2000/.opam/default/lib/stublibs:/Users/mounirk2000/.opam/default/lib/ocaml/stublibs:/Users/mounirk2000/.opam/default/lib/ocaml
# makefile
.DEFAULT_GOAL := all
# automatic
%D = $(patsubst %/,%,$(dir $%))
# default
MAKE_COMMAND := /Library/Developer/CommandLineTools/usr/bin/make
# default
.VARIABLES := 
# environment
TMPDIR = /var/folders/dx/vmm30vd53ps3c_47pxyq9f4r0000gn/T/
# automatic
*F = $(notdir $*)
# environment
VSCODE_IPC_HOOK = /Users/mounirk2000/Library/Application Support/Code/1.67.1-main.sock
# makefile
MAKEFLAGS = Rrqp
# environment
MFLAGS = -Rrqp
# automatic
*D = $(patsubst %/,%,$(dir $*))
# environment
XPC_SERVICE_NAME = application.com.microsoft.VSCode.66811858.66811864
# automatic
+D = $(patsubst %/,%,$(dir $+))
# automatic
+F = $(notdir $+)
# environment
__CF_USER_TEXT_ENCODING = 0x1F5:0x0:0x1
# environment
COMMAND_MODE = unix2003
# default
MAKEFILES := 
# automatic
<F = $(notdir $<)
# environment
LC_ALL = C
# automatic
^F = $(notdir $^)
# default
SUFFIXES := 
# default
.INCLUDE_DIRS = /usr/local/include
# environment
MAKELEVEL := 0
# environment
LANG = C
# environment
VSCODE_PID = 69877
# variable set hash-table stats:
# Load=67/1024=7%, Rehash=0, Collisions=1/95=1%

# Pattern-specific Variable Values

# No pattern-specific variable values.

# Directories

# . (device 16777220, inode 67096356): 36 files, no impossibilities.

# 36 files, no impossibilities in 1 directories.

# Implicit Rules

# No implicit rules.

# Files

# Not a target:
InputGate.hpp:
#  Implicit rule search has not been done.
#  Modification time never checked.
#  File has not been updated.

InputOutputGate.o: InputOutputGate.cpp InputOutputGate.hpp
#  Implicit rule search has not been done.
 
#  Modification time never checked.
#  File has not been updated.
#  commands to execute (from `Makefile', line 47):
	$(CPP) $(CFLAGS) -c $<
	

NorGate.o: NorGate.cpp NorGate.hpp
#  Implicit rule search has not been done.
#  Modification time never checked.
#  File has not been updated.
#  commands to execute (from `Makefile', line 21):
	$(CPP) $(CFLAGS) -c $<
	

# Not a target:
Negate.cpp:
#  Implicit rule search has not been done.
#  Modification time never checked.
#  File has not been updated.

# Not a target:
Gate.hpp:
#  Implicit rule search has not been done.
#  Modification time never checked.
#  File has not been updated.

all: main.o Gate.o InputGate.o OutputGate.o InputOutputGate.o GateLogique.o AndGate.o OrGate.o XorGate.o NorGate.o NandGate.o NxorGate.o Circuit.o Schema.o Negate.o
#  Command-line target.
#  Implicit rule search has not been done.
#  Last modified 2022-06-15 16:03:48
#  File has been updated.
#  Needs to be updated (-q is set).
# variable set hash-table stats:
# Load=0/32=0%, Rehash=0, Collisions=0/4=0%
#  commands to execute (from `Makefile', line 6):
	$(CPP) $(CFLAGS) -o $@ $^
	

# Not a target:
NxorGate.cpp:
#  Implicit rule search has not been done.
#  Modification time never checked.
#  File has not been updated.

Circuit.o: Circuit.cpp Circuit.hpp
#  Implicit rule search has not been done.
#  Modification time never checked.
#  File has not been updated.
#  commands to execute (from `Makefile', line 15):
	$(CPP) $(CFLAGS) -c $<	
	

GateLogique.o: GateLogique.cpp GateLogique.hpp
#  Implicit rule search has not been done.
#  Modification time never checked.
#  File has not been updated.
#  commands to execute (from `Makefile', line 12):
	$(CPP) $(CFLAGS) -c $<
	

# Not a target:
OrGate.cpp:
#  Implicit rule search has not been done.
#  Modification time never checked.
#  File has not been updated.

# Not a target:
AndGate.cpp:
#  Implicit rule search has not been done.
#  Modification time never checked.
#  File has not been updated.

# Not a target:
OutputGate.cpp:
#  Implicit rule search has not been done.
#  Modification time never checked.
#  File has not been updated.

XorGate.o: XorGate.cpp XorGate.hpp
#  Implicit rule search has not been done.
#  Modification time never checked.
#  File has not been updated.
#  commands to execute (from `Makefile', line 39):
	$(CPP) $(CFLAGS) -c $<		
	

# Not a target:
Negate.hpp:
#  Implicit rule search has not been done.
#  Modification time never checked.
#  File has not been updated.

# Not a target:
.SUFFIXES:
#  Implicit rule search has not been done.
#  Modification time never checked.
#  File has not been updated.

# Not a target:
Makefile:
#  Implicit rule search has been done.
#  Last modified 2022-06-14 15:09:26
#  File has been updated.
#  Successfully updated.
# variable set hash-table stats:
# Load=0/32=0%, Rehash=0, Collisions=0/0=0%

# Not a target:
NxorGate.hpp:
#  Implicit rule search has not been done.
#  Modification time never checked.
#  File has not been updated.

# Not a target:
OutputGate.o:
#  Implicit rule search has not been done.
#  Modification time never checked.
#  File has not been updated.

# Not a target:
AndGate.hpp:
#  Implicit rule search has not been done.
#  Modification time never checked.
#  File has not been updated.

InputGate.o: InputGate.cpp InputGate.hpp
#  Implicit rule search has not been done.
#  Modification time never checked.
#  File has not been updated.
#  commands to execute (from `Makefile', line 42):
	$(CPP) $(CFLAGS) -c $<
	

test:
#  Implicit rule search has not been done.
#  Modification time never checked.
#  File has not been updated.
#  commands to execute (from `Makefile', line 55):
	./all
	

# Not a target:
NandGate.cpp:
#  Implicit rule search has not been done.
#  Modification time never checked.
#  File has not been updated.

# Not a target:
OutputGate.hpp:
#  Implicit rule search has not been done.
#  Modification time never checked.
#  File has not been updated.

Gate.o: Gate.cpp Gate.hpp
#  Implicit rule search has not been done.
#  Modification time never checked.
#  File has not been updated.
#  commands to execute (from `Makefile', line 50):
	$(CPP) $(CFLAGS) -c $<
	

# Not a target:
XorGate.hpp:
#  Implicit rule search has not been done.
#  Modification time never checked.
#  File has not been updated.

# Not a target:
NandGate.hpp:
#  Implicit rule search has not been done.
#  Modification time never checked.
#  File has not been updated.

Negate.o: Negate.cpp Negate.hpp
#  Implicit rule search has not been done.
#  Modification time never checked.
#  File has not been updated.
#  commands to execute (from `Makefile', line 33):
	$(CPP) $(CFLAGS) -c $<	
	

# Not a target:
Schema.cpp:
#  Implicit rule search has not been done.
#  Modification time never checked.
#  File has not been updated.

NxorGate.o: NxorGate.cpp NxorGate.hpp
#  Implicit rule search has not been done.
#  Modification time never checked.
#  File has not been updated.
#  commands to execute (from `Makefile', line 24):
	$(CPP) $(CFLAGS) -c $<	
	

# Not a target:
XorGate.cpp:
#  Implicit rule search has not been done.
#  Modification time never checked.
#  File has not been updated.

# Not a target:
.DEFAULT:
#  Implicit rule search has not been done.
#  Modification time never checked.
#  File has not been updated.

AndGate.o: AndGate.cpp AndGate.hpp
 
#  Implicit rule search has not been done.
#  Modification time never checked.
#  File has not been updated.
#  commands to execute (from `Makefile', line 30):
	$(CPP) $(CFLAGS) -c $<
	

OutPutGate.o: OutputGate.cpp OutputGate.hpp
#  Implicit rule search has not been done.
#  Modification time never checked.
#  File has not been updated.
#  commands to execute (from `Makefile', line 45):
	$(CPP) $(CFLAGS) -c $<
	

# Not a target:
InputOutputGate.cpp:
#  Implicit rule search has not been done.
#  Modification time never checked.
#  File has not been updated.

# Not a target:
NorGate.cpp:
#  Implicit rule search has not been done.
#  Modification time never checked.
#  File has not been updated.

# Not a target:
OrGate.hpp:
#  Implicit rule search has not been done.
#  Modification time never checked.
#  File has not been updated.

clean:
#  Implicit rule search has not been done.
#  Modification time never checked.
#  File has not been updated.
#  commands to execute (from `Makefile', line 53):
	rm *.o
	

# Not a target:
Schema.hpp:
#  Implicit rule search has not been done.
#  Modification time never checked.
#  File has not been updated.

# Not a target:
Circuit.cpp:
#  Implicit rule search has not been done.
#  Modification time never checked.
#  File has not been updated.

# Not a target:
GateLogique.cpp:
#  Implicit rule search has not been done.
#  Modification time never checked.
#  File has not been updated.

NandGate.o: NandGate.cpp NandGate.hpp
#  Implicit rule search has not been done.
#  Modification time never checked.
#  File has not been updated.
#  commands to execute (from `Makefile', line 27):
	$(CPP) $(CFLAGS) -c $<		
	

# Not a target:
InputOutputGate.hpp:
#  Implicit rule search has not been done.
#  Modification time never checked.
#  File has not been updated.

# Not a target:
NorGate.hpp:
#  Implicit rule search has not been done.
#  Modification time never checked.
#  File has not been updated.

main.o: main.cpp
#  Implicit rule search has not been done.
#  Implicit/static pattern stem: `'
#  File does not exist.
#  File has been updated.
#  Needs to be updated (-q is set).
# automatic
# @ := main.o
# automatic
# % := 
# automatic
# * := 
# automatic
# + := main.cpp
# automatic
# | := 
# automatic
# < := main.cpp
# automatic
# ^ := main.cpp
# automatic
# ? := main.cpp
# variable set hash-table stats:
# Load=8/32=25%, Rehash=0, Collisions=1/13=8%
#  commands to execute (from `Makefile', line 9):
	$(CPP) $(CFLAGS) -c $<
	

# Not a target:
Circuit.hpp:
#  Implicit rule search has not been done.
#  Modification time never checked.
#  File has not been updated.

# Not a target:
GateLogique.hpp:
#  Implicit rule search has not been done.
#  Modification time never checked.
#  File has not been updated.

# Not a target:
InputGate.cpp:
#  Implicit rule search has not been done.
#  Modification time never checked.
#  File has not been updated.

# Not a target:
main.cpp:
#  Implicit rule search has been done.
#  Last modified 2022-06-15 15:13:31
#  File has been updated.
#  Successfully updated.
# variable set hash-table stats:
# Load=0/32=0%, Rehash=0, Collisions=0/0=0%

OrGate.o: OrGate.cpp OrGate.hpp
#  Implicit rule search has not been done.
#  Modification time never checked.
#  File has not been updated.
#  commands to execute (from `Makefile', line 36):
	$(CPP) $(CFLAGS) -c $<
	

# Not a target:
Gate.cpp:
#  Implicit rule search has not been done.
#  Modification time never checked.
#  File has not been updated.

Schema.o: Schema.cpp Schema.hpp
#  Implicit rule search has not been done.
#  Modification time never checked.
#  File has not been updated.
#  commands to execute (from `Makefile', line 18):
	$(CPP) $(CFLAGS) -c $<	
	

 
# files hash-table stats:
# Load=51/1024=5%, Rehash=0, Collisions=15/109=14%
# VPATH Search Paths

# No `vpath' search paths.

# No general (`VPATH' variable) search path.

# # of strings in strcache: 1
# # of strcache buffers: 1
# strcache size: total = 4096 / max = 4096 / min = 4096 / avg = 4096
# strcache free: total = 4087 / max = 4087 / min = 4087 / avg = 4087

# Finished Make data base on Thu Jun 16 11:46:20 2022

 
